[2021-05-30 21:54:00.737] [exthost] [info] extension host started
[2021-05-30 21:54:00.800] [exthost] [info] ExtensionService#_doActivateExtension vscode.microsoft-authentication {"startup":false,"extensionId":{"value":"vscode.microsoft-authentication","_lower":"vscode.microsoft-authentication"},"activationEvent":"onAuthenticationRequest:microsoft"}
[2021-05-30 21:54:00.800] [exthost] [info] ExtensionService#loadCommonJSModule file:///usr/share/code/resources/app/extensions/microsoft-authentication/dist/extension.js
[2021-05-30 21:54:00.909] [exthost] [info] ExtensionService#_doActivateExtension vscode.extension-editing {"startup":false,"extensionId":{"value":"vscode.extension-editing","_lower":"vscode.extension-editing"},"activationEvent":"onLanguage:typescript"}
[2021-05-30 21:54:00.909] [exthost] [info] ExtensionService#loadCommonJSModule file:///usr/share/code/resources/app/extensions/extension-editing/dist/extensionEditingMain
[2021-05-30 21:54:00.966] [exthost] [info] ExtensionService#_doActivateExtension vscode.typescript-language-features {"startup":false,"extensionId":{"value":"vscode.typescript-language-features","_lower":"vscode.typescript-language-features"},"activationEvent":"onLanguage:typescript"}
[2021-05-30 21:54:00.966] [exthost] [info] ExtensionService#loadCommonJSModule file:///usr/share/code/resources/app/extensions/typescript-language-features/dist/extension
[2021-05-30 21:54:01.044] [exthost] [info] ExtensionService#_doActivateExtension Angular.ng-template {"startup":false,"extensionId":{"value":"Angular.ng-template","_lower":"angular.ng-template"},"activationEvent":"onLanguage:typescript"}
[2021-05-30 21:54:01.044] [exthost] [info] ExtensionService#loadCommonJSModule file:///root/.vscode/extensions/angular.ng-template-12.0.3/index
[2021-05-30 21:54:03.010] [exthost] [info] ExtensionService#_doActivateExtension ms-vscode.vscode-typescript-tslint-plugin {"startup":false,"extensionId":{"value":"ms-vscode.vscode-typescript-tslint-plugin","_lower":"ms-vscode.vscode-typescript-tslint-plugin"},"activationEvent":"onLanguage:typescript"}
[2021-05-30 21:54:03.010] [exthost] [info] ExtensionService#loadCommonJSModule file:///root/.vscode/extensions/ms-vscode.vscode-typescript-tslint-plugin-1.3.3/out/index.js
[2021-05-30 21:54:03.105] [exthost] [info] ExtensionService#_doActivateExtension vscode.debug-auto-launch {"startup":true,"extensionId":{"value":"vscode.debug-auto-launch","_lower":"vscode.debug-auto-launch"},"activationEvent":"*"}
[2021-05-30 21:54:03.105] [exthost] [info] ExtensionService#loadCommonJSModule file:///usr/share/code/resources/app/extensions/debug-auto-launch/dist/extension
[2021-05-30 21:54:03.144] [exthost] [info] ExtensionService#_doActivateExtension vscode.git {"startup":true,"extensionId":{"value":"vscode.github","_lower":"vscode.github"},"activationEvent":"*"}
[2021-05-30 21:54:03.144] [exthost] [info] ExtensionService#loadCommonJSModule file:///usr/share/code/resources/app/extensions/git/dist/main
[2021-05-30 21:54:03.389] [exthost] [info] ExtensionService#_doActivateExtension PKief.material-icon-theme {"startup":true,"extensionId":{"value":"PKief.material-icon-theme","_lower":"pkief.material-icon-theme"},"activationEvent":"*"}
[2021-05-30 21:54:03.390] [exthost] [info] ExtensionService#loadCommonJSModule file:///root/.vscode/extensions/pkief.material-icon-theme-4.7.0/dist/extension
[2021-05-30 21:54:03.498] [exthost] [info] ExtensionService#_doActivateExtension vscode.npm {"startup":true,"extensionId":{"value":"vscode.npm","_lower":"vscode.npm"},"activationEvent":"workspaceContains:package.json"}
[2021-05-30 21:54:03.498] [exthost] [info] ExtensionService#loadCommonJSModule file:///usr/share/code/resources/app/extensions/npm/dist/npmMain
[2021-05-30 21:54:04.238] [exthost] [info] ExtensionService#_doActivateExtension ms-vscode.js-debug {"startup":false,"extensionId":{"value":"ms-vscode.js-debug","_lower":"ms-vscode.js-debug"},"activationEvent":"onCommand:extension.js-debug.clearAutoAttachVariables"}
[2021-05-30 21:54:04.239] [exthost] [info] ExtensionService#loadCommonJSModule file:///usr/share/code/resources/app/extensions/ms-vscode.js-debug/src/extension.js
[2021-05-30 21:54:05.611] [exthost] [info] ExtensionService#_doActivateExtension vscode.github {"startup":true,"extensionId":{"value":"vscode.github","_lower":"vscode.github"},"activationEvent":"*"}
[2021-05-30 21:54:05.611] [exthost] [info] ExtensionService#loadCommonJSModule file:///usr/share/code/resources/app/extensions/github/dist/extension.js
[2021-05-30 21:54:06.201] [exthost] [info] ExtensionService#_doActivateExtension vscode.github-authentication {"startup":false,"extensionId":{"value":"vscode.github-authentication","_lower":"vscode.github-authentication"},"activationEvent":"onAuthenticationRequest:github"}
[2021-05-30 21:54:06.201] [exthost] [info] ExtensionService#loadCommonJSModule file:///usr/share/code/resources/app/extensions/github-authentication/dist/extension.js
[2021-05-30 21:54:06.486] [exthost] [info] eager extensions activated
[2021-05-30 21:54:06.498] [exthost] [info] ExtensionService#_doActivateExtension vscode.emmet {"startup":false,"extensionId":{"value":"vscode.emmet","_lower":"vscode.emmet"},"activationEvent":"onStartupFinished"}
[2021-05-30 21:54:06.498] [exthost] [info] ExtensionService#loadCommonJSModule file:///usr/share/code/resources/app/extensions/emmet/dist/node/emmetNodeMain
[2021-05-30 21:54:06.825] [exthost] [info] ExtensionService#_doActivateExtension vscode.merge-conflict {"startup":false,"extensionId":{"value":"vscode.merge-conflict","_lower":"vscode.merge-conflict"},"activationEvent":"onStartupFinished"}
[2021-05-30 21:54:06.825] [exthost] [info] ExtensionService#loadCommonJSModule file:///usr/share/code/resources/app/extensions/merge-conflict/dist/mergeConflictMain
[2021-05-30 21:54:07.025] [exthost] [info] ExtensionService#_doActivateExtension vscode.testing-editor-contributions {"startup":false,"extensionId":{"value":"vscode.testing-editor-contributions","_lower":"vscode.testing-editor-contributions"},"activationEvent":"onStartupFinished"}
[2021-05-30 21:54:07.025] [exthost] [info] ExtensionService#loadCommonJSModule file:///usr/share/code/resources/app/extensions/testing-editor-contributions/dist/extension.js
[2021-05-30 21:54:08.796] [exthost] [warning] [Decorations] CAPPING events from decorations provider vscode.git 562
[2021-05-30 21:55:06.139] [exthost] [error] [Angular.ng-template] provider FAILED
[2021-05-30 21:55:06.145] [exthost] [error] Canceled: Canceled
	at LanguageClient.makeCancelError (/root/.vscode/extensions/angular.ng-template-12.0.3/node_modules/vscode-languageclient/lib/common/client.js:2666:24)
	at LanguageClient.handleFailedRequest (/root/.vscode/extensions/angular.ng-template-12.0.3/node_modules/vscode-languageclient/lib/common/client.js:2656:28)
	at /root/.vscode/extensions/angular.ng-template-12.0.3/node_modules/vscode-languageclient/lib/common/client.js:1288:39
	at async l.provideCodeLenses (/usr/share/code/resources/app/out/vs/workbench/services/extensions/node/extensionHostProcess.js:87:158911)
[2021-05-30 21:55:06.357] [exthost] [info] ExtensionService#_doActivateExtension vscode.configuration-editing {"startup":false,"extensionId":{"value":"vscode.configuration-editing","_lower":"vscode.configuration-editing"},"activationEvent":"onLanguage:jsonc"}
[2021-05-30 21:55:06.357] [exthost] [info] ExtensionService#loadCommonJSModule file:///usr/share/code/resources/app/extensions/configuration-editing/dist/configurationEditingMain
[2021-05-30 21:55:06.535] [exthost] [info] ExtensionService#_doActivateExtension vscode.json-language-features {"startup":false,"extensionId":{"value":"vscode.json-language-features","_lower":"vscode.json-language-features"},"activationEvent":"onLanguage:jsonc"}
[2021-05-30 21:55:06.535] [exthost] [info] ExtensionService#loadCommonJSModule file:///usr/share/code/resources/app/extensions/json-language-features/client/dist/node/jsonClientMain
[2021-05-30 21:56:22.573] [exthost] [warning] [Decorations] CAPPING events from decorations provider vscode.git 562
[2021-05-30 21:56:44.445] [exthost] [warning] [Decorations] CAPPING events from decorations provider vscode.git 561
[2021-05-30 21:57:59.809] [exthost] [info] ExtensionService#_doActivateExtension vscode.simple-browser {"startup":false,"extensionId":{"value":"vscode.simple-browser","_lower":"vscode.simple-browser"},"activationEvent":"onOpenExternalUri:http"}
[2021-05-30 21:57:59.809] [exthost] [info] ExtensionService#loadCommonJSModule file:///usr/share/code/resources/app/extensions/simple-browser/dist/extension
[2021-05-30 21:58:19.062] [exthost] [info] ExtensionService#_doActivateExtension vscode.html-language-features {"startup":false,"extensionId":{"value":"vscode.html-language-features","_lower":"vscode.html-language-features"},"activationEvent":"onLanguage:html"}
[2021-05-30 21:58:19.062] [exthost] [info] ExtensionService#loadCommonJSModule file:///usr/share/code/resources/app/extensions/html-language-features/client/dist/node/htmlClientMain
[2021-05-30 21:58:35.038] [exthost] [warning] [Decorations] CAPPING events from decorations provider vscode.git 561
[2021-05-30 21:59:49.834] [exthost] [warning] [Decorations] CAPPING events from decorations provider vscode.git 561
[2021-05-30 22:00:14.206] [exthost] [warning] [Decorations] CAPPING events from decorations provider vscode.git 561
[2021-05-30 22:02:40.752] [exthost] [warning] [Decorations] CAPPING events from decorations provider vscode.git 561
[2021-05-30 22:02:45.845] [exthost] [warning] [Decorations] CAPPING events from decorations provider vscode.git 561
[2021-05-30 22:02:53.517] [exthost] [warning] [Decorations] CAPPING events from decorations provider vscode.git 562
[2021-05-30 22:03:13.546] [exthost] [warning] [Decorations] CAPPING events from decorations provider vscode.git 562
[2021-05-30 22:03:24.579] [exthost] [warning] [Decorations] CAPPING events from decorations provider vscode.git 561
[2021-05-30 22:04:13.884] [exthost] [warning] [Decorations] CAPPING events from decorations provider vscode.git 561
[2021-05-30 22:04:32.182] [exthost] [warning] [Decorations] CAPPING events from decorations provider vscode.git 561
[2021-05-30 22:05:45.052] [exthost] [warning] [Decorations] CAPPING events from decorations provider vscode.git 561
[2021-05-30 22:07:05.529] [exthost] [info] ExtensionService#_doActivateExtension vscode.css-language-features {"startup":false,"extensionId":{"value":"vscode.css-language-features","_lower":"vscode.css-language-features"},"activationEvent":"onLanguage:scss"}
[2021-05-30 22:07:05.529] [exthost] [info] ExtensionService#loadCommonJSModule file:///usr/share/code/resources/app/extensions/css-language-features/client/dist/node/cssClientMain
[2021-05-30 22:07:06.440] [exthost] [warning] [Decorations] CAPPING events from decorations provider vscode.git 562
[2021-05-30 22:07:36.835] [exthost] [warning] [Decorations] CAPPING events from decorations provider vscode.git 562
[2021-05-30 22:08:21.225] [exthost] [warning] [Decorations] CAPPING events from decorations provider vscode.git 562
[2021-05-30 22:09:48.004] [exthost] [warning] [Decorations] CAPPING events from decorations provider vscode.git 562
[2021-05-30 22:10:54.710] [exthost] [warning] [Decorations] CAPPING events from decorations provider vscode.git 562
[2021-05-30 22:11:28.125] [exthost] [warning] [Decorations] CAPPING events from decorations provider vscode.git 562
[2021-05-30 22:13:10.232] [exthost] [warning] [Decorations] CAPPING events from decorations provider vscode.git 562
[2021-05-30 22:13:35.263] [exthost] [error] [Angular.ng-template] provider FAILED
[2021-05-30 22:13:35.263] [exthost] [error] Canceled: Canceled
	at LanguageClient.makeCancelError (/root/.vscode/extensions/angular.ng-template-12.0.3/node_modules/vscode-languageclient/lib/common/client.js:2666:24)
	at LanguageClient.handleFailedRequest (/root/.vscode/extensions/angular.ng-template-12.0.3/node_modules/vscode-languageclient/lib/common/client.js:2656:28)
	at /root/.vscode/extensions/angular.ng-template-12.0.3/node_modules/vscode-languageclient/lib/common/client.js:908:39
[2021-05-30 22:14:02.708] [exthost] [warning] [Decorations] CAPPING events from decorations provider vscode.git 562
[2021-05-30 22:14:36.966] [exthost] [warning] [Decorations] CAPPING events from decorations provider vscode.git 562
[2021-05-30 22:15:02.739] [exthost] [warning] [Decorations] CAPPING events from decorations provider vscode.git 562
[2021-05-30 22:15:38.728] [exthost] [warning] [Decorations] CAPPING events from decorations provider vscode.git 562
[2021-05-30 22:15:44.915] [exthost] [warning] [Decorations] CAPPING events from decorations provider vscode.git 562
[2021-05-30 22:16:01.345] [exthost] [warning] [Decorations] CAPPING events from decorations provider vscode.git 562
[2021-05-30 22:17:32.114] [exthost] [warning] [Decorations] CAPPING events from decorations provider vscode.git 566
[2021-05-30 22:18:58.393] [exthost] [warning] [Decorations] CAPPING events from decorations provider vscode.git 566
[2021-05-30 22:19:21.422] [exthost] [warning] [Decorations] CAPPING events from decorations provider vscode.git 566
[2021-05-30 22:20:55.566] [exthost] [warning] [Decorations] CAPPING events from decorations provider vscode.git 566
[2021-05-30 22:23:40.923] [exthost] [warning] [Decorations] CAPPING events from decorations provider vscode.git 566
[2021-05-30 22:23:46.015] [exthost] [warning] [Decorations] CAPPING events from decorations provider vscode.git 566
[2021-05-30 22:24:38.941] [exthost] [warning] [Decorations] CAPPING events from decorations provider vscode.git 566
[2021-05-30 22:25:11.769] [exthost] [warning] [Decorations] CAPPING events from decorations provider vscode.git 566
[2021-05-30 22:26:02.726] [exthost] [warning] [Decorations] CAPPING events from decorations provider vscode.git 566
[2021-05-30 22:27:21.646] [exthost] [warning] [Decorations] CAPPING events from decorations provider vscode.git 566
[2021-05-30 22:28:16.343] [exthost] [warning] [Decorations] CAPPING events from decorations provider vscode.git 566
[2021-05-30 22:28:31.647] [exthost] [warning] [Decorations] CAPPING events from decorations provider vscode.git 566
[2021-05-30 22:28:51.443] [exthost] [warning] [Decorations] CAPPING events from decorations provider vscode.git 566
[2021-05-30 22:29:52.061] [exthost] [warning] [Decorations] CAPPING events from decorations provider vscode.git 566
[2021-05-30 22:32:49.081] [exthost] [warning] [Decorations] CAPPING events from decorations provider vscode.git 569
[2021-05-30 22:33:07.793] [exthost] [warning] [Decorations] CAPPING events from decorations provider vscode.git 569
[2021-05-30 22:33:33.828] [exthost] [warning] [Decorations] CAPPING events from decorations provider vscode.git 569
[2021-05-30 22:33:58.024] [exthost] [warning] [Decorations] CAPPING events from decorations provider vscode.git 569
[2021-05-30 22:34:22.926] [exthost] [warning] [Decorations] CAPPING events from decorations provider vscode.git 568
[2021-05-30 22:34:34.183] [exthost] [warning] [Decorations] CAPPING events from decorations provider vscode.git 568
[2021-05-30 22:36:21.170] [exthost] [warning] [Decorations] CAPPING events from decorations provider vscode.git 570
[2021-05-30 22:38:27.244] [exthost] [warning] [Decorations] CAPPING events from decorations provider vscode.git 570
[2021-05-30 22:38:32.338] [exthost] [warning] [Decorations] CAPPING events from decorations provider vscode.git 570
[2021-05-30 22:38:53.483] [exthost] [warning] [Decorations] CAPPING events from decorations provider vscode.git 570
[2021-05-30 22:45:52.735] [exthost] [warning] [Decorations] CAPPING events from decorations provider vscode.git 570
[2021-05-30 22:45:59.555] [exthost] [warning] [Decorations] CAPPING events from decorations provider vscode.git 570
[2021-05-30 22:46:28.870] [exthost] [warning] [Decorations] CAPPING events from decorations provider vscode.git 574
[2021-05-30 22:46:37.866] [exthost] [warning] [Decorations] CAPPING events from decorations provider vscode.git 578
[2021-05-30 22:46:53.766] [exthost] [warning] [Decorations] CAPPING events from decorations provider vscode.git 582
[2021-05-30 22:48:27.616] [exthost] [warning] [Decorations] CAPPING events from decorations provider vscode.git 582
[2021-05-30 22:49:15.728] [exthost] [warning] [Decorations] CAPPING events from decorations provider vscode.git 582
[2021-05-30 22:49:44.165] [exthost] [warning] [Decorations] CAPPING events from decorations provider vscode.git 582
[2021-05-30 22:51:12.817] [exthost] [warning] [Decorations] CAPPING events from decorations provider vscode.git 582
[2021-05-30 22:51:18.001] [exthost] [warning] [Decorations] CAPPING events from decorations provider vscode.git 582
[2021-05-30 22:51:53.494] [exthost] [warning] [Decorations] CAPPING events from decorations provider vscode.git 582
[2021-05-30 22:52:18.165] [exthost] [warning] [Decorations] CAPPING events from decorations provider vscode.git 582
[2021-05-30 22:52:49.953] [exthost] [warning] [Decorations] CAPPING events from decorations provider vscode.git 583
[2021-05-30 22:53:19.371] [exthost] [warning] [Decorations] CAPPING events from decorations provider vscode.git 583
[2021-05-30 22:53:43.875] [exthost] [warning] [Decorations] CAPPING events from decorations provider vscode.git 582
[2021-05-30 22:54:59.020] [exthost] [warning] [Decorations] CAPPING events from decorations provider vscode.git 582
[2021-05-30 22:55:04.101] [exthost] [warning] [Decorations] CAPPING events from decorations provider vscode.git 582
[2021-05-30 22:55:12.523] [exthost] [warning] [Decorations] CAPPING events from decorations provider vscode.git 582
[2021-05-30 22:55:28.058] [exthost] [warning] [Decorations] CAPPING events from decorations provider vscode.git 582
[2021-05-30 22:55:33.153] [exthost] [warning] [Decorations] CAPPING events from decorations provider vscode.git 582
[2021-05-30 22:55:40.898] [exthost] [warning] [Decorations] CAPPING events from decorations provider vscode.git 582
[2021-05-30 22:56:38.085] [exthost] [warning] [Decorations] CAPPING events from decorations provider vscode.git 582
[2021-05-30 22:56:43.169] [exthost] [warning] [Decorations] CAPPING events from decorations provider vscode.git 582
[2021-05-30 23:00:36.178] [exthost] [warning] [Decorations] CAPPING events from decorations provider vscode.git 582
[2021-05-30 23:00:41.323] [exthost] [warning] [Decorations] CAPPING events from decorations provider vscode.git 582
[2021-05-30 23:01:04.663] [exthost] [warning] [Decorations] CAPPING events from decorations provider vscode.git 582
[2021-05-30 23:01:10.053] [exthost] [warning] [Decorations] CAPPING events from decorations provider vscode.git 582
[2021-05-30 23:01:31.535] [exthost] [warning] [Decorations] CAPPING events from decorations provider vscode.git 582
[2021-05-30 23:01:51.068] [exthost] [warning] [Decorations] CAPPING events from decorations provider vscode.git 583
[2021-05-30 23:01:56.264] [exthost] [warning] [Decorations] CAPPING events from decorations provider vscode.git 583
[2021-05-30 23:02:13.966] [exthost] [warning] [Decorations] CAPPING events from decorations provider vscode.git 583
[2021-05-30 23:02:22.282] [exthost] [warning] [Decorations] CAPPING events from decorations provider vscode.git 583
[2021-05-30 23:02:27.335] [exthost] [warning] [Decorations] CAPPING events from decorations provider vscode.git 583
[2021-05-30 23:02:32.924] [exthost] [warning] [Decorations] CAPPING events from decorations provider vscode.git 583
[2021-05-30 23:02:37.997] [exthost] [warning] [Decorations] CAPPING events from decorations provider vscode.git 583
[2021-05-30 23:02:47.943] [exthost] [warning] [Decorations] CAPPING events from decorations provider vscode.git 582
[2021-05-30 23:02:53.047] [exthost] [warning] [Decorations] CAPPING events from decorations provider vscode.git 582
[2021-05-30 23:03:29.213] [exthost] [warning] [Decorations] CAPPING events from decorations provider vscode.git 582
[2021-05-30 23:05:42.183] [exthost] [warning] [Decorations] CAPPING events from decorations provider vscode.git 582
[2021-05-30 23:06:10.265] [exthost] [warning] [Decorations] CAPPING events from decorations provider vscode.git 586
[2021-05-30 23:06:31.558] [exthost] [warning] [Decorations] CAPPING events from decorations provider vscode.git 586
[2021-05-30 23:06:40.965] [exthost] [warning] [Decorations] CAPPING events from decorations provider vscode.git 586
[2021-05-30 23:07:11.328] [exthost] [warning] [Decorations] CAPPING events from decorations provider vscode.git 586
[2021-05-30 23:07:27.139] [exthost] [warning] [Decorations] CAPPING events from decorations provider vscode.git 586
[2021-05-30 23:07:47.684] [exthost] [warning] [Decorations] CAPPING events from decorations provider vscode.git 586
[2021-05-30 23:07:52.752] [exthost] [warning] [Decorations] CAPPING events from decorations provider vscode.git 586
[2021-05-30 23:08:19.592] [exthost] [warning] [Decorations] CAPPING events from decorations provider vscode.git 586
[2021-05-30 23:09:29.660] [exthost] [warning] [Decorations] CAPPING events from decorations provider vscode.git 586
[2021-05-30 23:09:34.772] [exthost] [warning] [Decorations] CAPPING events from decorations provider vscode.git 586
[2021-05-30 23:11:04.063] [exthost] [warning] [Decorations] CAPPING events from decorations provider vscode.git 586
[2021-05-30 23:11:22.270] [exthost] [warning] [Decorations] CAPPING events from decorations provider vscode.git 586
[2021-05-30 23:13:45.869] [exthost] [warning] [Decorations] CAPPING events from decorations provider vscode.git 598
[2021-05-30 23:13:50.986] [exthost] [warning] [Decorations] CAPPING events from decorations provider vscode.git 598
[2021-05-30 23:15:58.341] [exthost] [warning] [Decorations] CAPPING events from decorations provider vscode.git 598
[2021-05-30 23:19:30.293] [exthost] [warning] [Decorations] CAPPING events from decorations provider vscode.git 598
[2021-05-30 23:19:35.479] [exthost] [warning] [Decorations] CAPPING events from decorations provider vscode.git 598
[2021-05-30 23:22:24.144] [exthost] [info] ExtensionService#_doActivateExtension vscode.image-preview {"startup":false,"extensionId":{"value":"vscode.image-preview","_lower":"vscode.image-preview"},"activationEvent":"onCustomEditor:imagePreview.previewEditor"}
[2021-05-30 23:22:24.144] [exthost] [info] ExtensionService#loadCommonJSModule file:///usr/share/code/resources/app/extensions/image-preview/dist/extension
[2021-05-30 23:26:59.878] [exthost] [warning] [Decorations] CAPPING events from decorations provider vscode.git 622
[2021-05-30 23:27:09.244] [exthost] [warning] [Decorations] CAPPING events from decorations provider vscode.git 647
[2021-05-30 23:27:24.476] [exthost] [warning] [Decorations] CAPPING events from decorations provider vscode.git 644
[2021-05-30 23:28:37.842] [exthost] [warning] [Decorations] CAPPING events from decorations provider vscode.git 644
[2021-05-30 23:30:58.419] [exthost] [warning] [Decorations] CAPPING events from decorations provider vscode.git 644
[2021-05-30 23:33:23.054] [exthost] [warning] [Decorations] CAPPING events from decorations provider vscode.git 644
[2021-05-30 23:33:47.953] [exthost] [warning] [Decorations] CAPPING events from decorations provider vscode.git 644
[2021-05-30 23:33:58.832] [exthost] [warning] [Decorations] CAPPING events from decorations provider vscode.git 644
[2021-05-30 23:35:19.346] [exthost] [warning] [Decorations] CAPPING events from decorations provider vscode.git 644
[2021-05-30 23:35:32.116] [exthost] [warning] [Decorations] CAPPING events from decorations provider vscode.git 644
[2021-05-30 23:36:30.275] [exthost] [info] extension host terminating: received terminate message from renderer
[2021-05-30 23:36:31.339] [exthost] [info] exiting with code 0
